2025-03-18 16:19:12,477 - app.core.security - DEBUG - verify_token None
2025-03-18 16:19:12,477 - app.core.security - DEBUG - Current user id extracted: 53bc62a7-1d18-48e9-ac02-b3fc964f2002
2025-03-18 16:19:12,480 - app.core.security - DEBUG - User fetched from DB: 53bc62a7-1d18-48e9-ac02-b3fc964f2002
2025-03-18 16:19:12,480 - app.core.security - WARNING - User 53bc62a7-1d18-48e9-ac02-b3fc964f2002 is not an employee
2025-03-18 16:19:12,482 - app.core.security - DEBUG - User fetched from DB: 53bc62a7-1d18-48e9-ac02-b3fc964f2002
2025-03-18 16:19:12,482 - app.core.security - DEBUG - Intern user validated: 53bc62a7-1d18-48e9-ac02-b3fc964f2002
2025-03-18 16:23:38,994 - app.core.security - DEBUG - verify_token None
2025-03-18 16:23:38,995 - app.core.security - DEBUG - Current user id extracted: 53bc62a7-1d18-48e9-ac02-b3fc964f2002
2025-03-18 16:23:38,997 - app.core.security - DEBUG - User fetched from DB: 53bc62a7-1d18-48e9-ac02-b3fc964f2002
2025-03-18 16:23:38,997 - app.core.security - WARNING - User 53bc62a7-1d18-48e9-ac02-b3fc964f2002 is not an employee
2025-03-18 16:23:39,035 - app.core.security - DEBUG - verify_token None
2025-03-18 16:23:39,036 - app.core.security - DEBUG - Current user id extracted: 53bc62a7-1d18-48e9-ac02-b3fc964f2002
2025-03-18 16:23:46,981 - app.core.security - DEBUG - verify_token None
2025-03-18 16:23:46,982 - app.core.security - DEBUG - Current user id extracted: 53bc62a7-1d18-48e9-ac02-b3fc964f2002
2025-03-18 16:23:46,985 - app.core.security - DEBUG - User fetched from DB: 53bc62a7-1d18-48e9-ac02-b3fc964f2002
2025-03-18 16:23:46,985 - app.core.security - WARNING - User 53bc62a7-1d18-48e9-ac02-b3fc964f2002 is not an employee
2025-03-18 16:23:46,986 - app.core.security - DEBUG - User fetched from DB: 53bc62a7-1d18-48e9-ac02-b3fc964f2002
2025-03-18 16:23:46,986 - app.core.security - DEBUG - Intern user validated: 53bc62a7-1d18-48e9-ac02-b3fc964f2002
2025-03-18 16:24:05,498 - app.core.security - DEBUG - verify_token None
2025-03-18 16:24:05,498 - app.core.security - DEBUG - Current user id extracted: 53bc62a7-1d18-48e9-ac02-b3fc964f2002
2025-03-18 16:24:05,501 - app.core.security - DEBUG - User fetched from DB: 53bc62a7-1d18-48e9-ac02-b3fc964f2002
2025-03-18 16:24:05,501 - app.core.security - WARNING - User 53bc62a7-1d18-48e9-ac02-b3fc964f2002 is not an employee
2025-03-18 16:24:05,504 - app.core.security - DEBUG - User fetched from DB: 53bc62a7-1d18-48e9-ac02-b3fc964f2002
2025-03-18 16:24:05,504 - app.core.security - DEBUG - Intern user validated: 53bc62a7-1d18-48e9-ac02-b3fc964f2002
